==============================================================================
Suites                                                                        
==============================================================================
Suites.22DDT1                                                                 
==============================================================================
Right user empty pass                                                 | PASS |
------------------------------------------------------------------------------
Right user wrong pass                                                 | PASS |
------------------------------------------------------------------------------
wrong user right pass                                                 | PASS |
------------------------------------------------------------------------------
wrong user empty pass                                                 | PASS |
------------------------------------------------------------------------------
Right user wrong pass                                                 | PASS |
------------------------------------------------------------------------------
Suites.22DDT1                                                         | PASS |
5 critical tests, 5 passed, 0 failed
5 tests total, 5 passed, 0 failed
==============================================================================
Suites                                                                | PASS |
5 critical tests, 5 passed, 0 failed
5 tests total, 5 passed, 0 failed
==============================================================================
Output:  C:\Users\parma\PycharmProjects\Automation\pabot_results\13\output.xml
