==============================================================================
Suites                                                                        
==============================================================================
Suites.20GetAllLinks                                                          
==============================================================================
Get all the links in the webpage                                      365

Skip to main content
.in
Hello
Select your address

Hello, Sign in
Account & Lists
Returns
& Orders
0
Cart



















Sign in
Start here.
All
Best Sellers
Mobiles
Customer Service
Today's Deals
Fashion
Electronics
Prime
Home & Kitchen
Amazon Pay
New Releases
Computers































ACs
Refrigerators
Microwaves
Washing machines
See more
Smart LED TVs
Appliances
Furniture
Kitchen products
Shop now
Clothing
Footwear
Watches
Bags & luggage
See all offers
Women's Clothing
Footwear+Handbags
Watches
Fashion jewellery
See all offers
Fresh
Mobiles
Fashion
Electronics
See more

See more
Cleaning accessories
Tyre & rim care
Helmets
Vacuum cleaner
See more
Flight tickets
Bus tickets
Train tickets
Essential travel products
Explore more from Amazon Pay





See all deals
Up to 34% off
Deal of the Day
?552 and under
Deal of the Day
Up to 16% off
Deal of the Day
Up to 75% off
Deal of the Day
Up to 53% off
Deal of the Day
Up to 68% off
Deal of the Day
































See more

See more
Gas stoves
Cookware
Kitchen storage
Tableware
See more
Candy 1 ton 3 star
IFB 1.5 ton 4 star
Panasonic 1.5 ton 5 star
Samsung 1.5 ton 5 star
See more deals












































Smartwatches & fitness trackers
Tablets
Laptops
Monitors
See more
Up to 40% off | Top 100 deals
Up to 30% off | Staples
Up to 25% off | Diary products
Fruits & vegetables
Visit store
Clothing
Backpacks
Footwear
Beauty
View all

See more











































Cooking & breakfast essentials
Health & household essentials
Baby products
Skin, hair & body care
See more
Kurtas | Up to 70% off
Sarees | Up to 70% off
T-shirts | Up to 70% off
Jeans | Up to 70% off
See all deals

Shop now
Remote control cars & more
Soft toys
Puzzles & educational toys
Baby products
See more
See all offers






















Back to top
About Us
Careers
Press Releases
Amazon Cares
Gift a Smile
Amazon Science
Facebook
Twitter
Instagram
Sell on Amazon
Sell under Amazon Accelerator
Amazon Global Selling
Become an Affiliate
Fulfilment by Amazon
Advertise Your Products
Amazon Pay on Merchants
COVID-19 and Amazon
Your Account
Returns Centre
100% Purchase Protection
Amazon App Download
Amazon Assistant Download
Help

English
Australia
Brazil
Canada
China
France
Germany
Italy
Japan
Mexico
Netherlands
Poland
Singapore
Spain
Turkey
United Arab Emirates
United Kingdom
United States
AbeBooks
Books, art
& collectibles
Amazon Web Services
Scalable Cloud
Computing Services
Audible
Download
Audio Books
DPReview
Digital
Photography
IMDb
Movies, TV
& Celebrities
Shopbop
Designer
Fashion Brands
Amazon Business
Everything For
Your Business
Prime Now
2-Hour Delivery
on Everyday Items
Amazon Prime Music
90 million songs, ad-free
Over 15 million podcast episodes
Conditions of Use & Sale
Privacy Notice
| PASS |
------------------------------------------------------------------------------
Suites.20GetAllLinks                                                  | PASS |
1 critical test, 1 passed, 0 failed
1 test total, 1 passed, 0 failed
==============================================================================
Suites                                                                | PASS |
1 critical test, 1 passed, 0 failed
1 test total, 1 passed, 0 failed
==============================================================================
Output:  C:\Users\parma\PycharmProjects\Automation\pabot_results\11\output.xml
