==============================================================================
Suites                                                                        
==============================================================================
Suites.19ForLoop                                                              
==============================================================================
ForLoop1                                                              1
2
3
4
5
6
7
8
9
10
| PASS |
------------------------------------------------------------------------------
ForLoop2                                                              1 2 3 4 5 6 7 8 9
| PASS |
------------------------------------------------------------------------------
ForLoop3 With List                                                    1 2 3 4 5 6 7 8 9 9
| PASS |
------------------------------------------------------------------------------
ForLoop4                                                              parmar
bhavin
dineshbhai
| PASS |
------------------------------------------------------------------------------
ForLoop5                                                              l1 l2 l3 l4 l5 l6
| PASS |
------------------------------------------------------------------------------
ForLoop6                                                              1
2
3
4
5
6
| PASS |
------------------------------------------------------------------------------
Suites.19ForLoop                                                      | PASS |
6 critical tests, 6 passed, 0 failed
6 tests total, 6 passed, 0 failed
==============================================================================
Suites                                                                | PASS |
6 critical tests, 6 passed, 0 failed
6 tests total, 6 passed, 0 failed
==============================================================================
Output:  C:\Users\parma\PycharmProjects\Automation\pabot_results\9\output.xml
